2024-08-03 09:56:21,382 - INFO - Automatically mapped .txt files to folder Documents_files
2024-08-03 09:56:21,407 - INFO - Automatically mapped .pub files to folder Others_files
2024-08-03 09:56:21,433 - INFO - Automatically mapped .bmp files to folder Images_files
2024-08-03 09:56:21,457 - INFO - Automatically mapped .zip files to folder Archives_files
2024-08-03 09:56:21,457 - INFO - Folders have been created successfully.
2024-08-03 09:56:21,457 - INFO - [DRY RUN] Would move New Microsoft Publisher Document.pub to D:\test\Others_files
2024-08-03 09:56:21,457 - INFO - [DRY RUN] Would move New Text Document.txt to D:\test\Documents_files
2024-08-03 09:56:21,458 - INFO - [DRY RUN] Would move New WinRAR ZIP archive.zip to D:\test\Archives_files
2024-08-03 09:56:21,458 - INFO - [DRY RUN] Would move New Bitmap image.bmp to D:\test\Images_files
2024-08-03 09:56:21,458 - INFO - [DRY RUN] Would move New Bitmap image (2).bmp to D:\test\Images_files
2024-08-03 09:56:21,458 - INFO - [DRY RUN] Would move New Bitmap image (3).bmp to D:\test\Images_files
2024-08-03 09:56:21,462 - INFO - Report written to D:\test\file_organizer_report.txt
2024-08-03 09:56:21,462 - INFO - Dry run completed. No files were moved.
2024-08-03 09:57:02,463 - INFO - Backup created at D:\test_backup
2024-08-03 09:57:02,464 - INFO - Automatically mapped .pub files to folder Others_files
2024-08-03 09:57:02,464 - INFO - Automatically mapped .bmp files to folder Images_files
2024-08-03 09:57:02,464 - INFO - Automatically mapped .zip files to folder Archives_files
2024-08-03 09:57:02,464 - INFO - Automatically mapped .txt files to folder Documents_files
2024-08-03 09:57:02,464 - INFO - Folders have been created successfully.
2024-08-03 09:57:02,468 - INFO - Moved New Microsoft Publisher Document.pub to D:\test\Others_files
2024-08-03 09:57:02,471 - INFO - Moved New Text Document.txt to D:\test\Documents_files
2024-08-03 09:57:02,474 - INFO - Moved New WinRAR ZIP archive.zip to D:\test\Archives_files
2024-08-03 09:57:02,477 - INFO - Moved New Bitmap image.bmp to D:\test\Images_files
2024-08-03 09:57:02,480 - INFO - Moved New Bitmap image (2).bmp to D:\test\Images_files
2024-08-03 09:57:02,483 - INFO - Moved New Bitmap image (3).bmp to D:\test\Images_files
2024-08-03 09:57:02,486 - INFO - Moved file_organizer_report.txt to D:\test\Documents_files
2024-08-03 09:57:02,490 - INFO - Report written to D:\test\file_organizer_report.txt
2024-08-03 09:57:02,490 - INFO - Files have been moved successfully.
2024-08-03 10:03:55,076 - INFO - Automatically mapped .pub files to folder Others_files
2024-08-03 10:03:55,099 - INFO - Automatically mapped .zip files to folder Archives_files
2024-08-03 10:03:55,123 - INFO - Automatically mapped .txt files to folder Documents_files
2024-08-03 10:03:55,146 - INFO - Automatically mapped .bmp files to folder Images_files
2024-08-03 10:03:55,146 - INFO - Folders have been created successfully.
2024-08-03 10:03:55,147 - INFO - Performing dry run...
2024-08-03 10:03:55,147 - INFO - [DRY RUN] Would move New WinRAR ZIP archive.zip to D:\test\Archives_files
2024-08-03 10:03:55,147 - INFO - [DRY RUN] Would move New Bitmap image (2).bmp to D:\test\Images_files
2024-08-03 10:03:55,147 - INFO - [DRY RUN] Would move New Bitmap image (3).bmp to D:\test\Images_files
2024-08-03 10:03:55,147 - INFO - [DRY RUN] Would move New Bitmap image.bmp to D:\test\Images_files
2024-08-03 10:03:55,147 - INFO - [DRY RUN] Would move New Text Document.txt to D:\test\Documents_files
2024-08-03 10:03:55,148 - INFO - [DRY RUN] Would move file_organizer_report.txt to D:\test\Documents_files
2024-08-03 10:03:55,148 - INFO - [DRY RUN] Would move New Microsoft Publisher Document.pub to D:\test\Others_files
2024-08-03 10:03:55,152 - INFO - Report written to D:\test\file_organizer_report.txt
2024-08-03 10:03:55,152 - INFO - Dry run completed. No files were moved.
2024-08-03 10:04:19,951 - INFO - Error creating backup: [WinError 183] Cannot create a file when that file already exists: 'D:\\test_backup'
2024-08-03 10:05:40,437 - INFO - Automatically mapped .pub files to folder Others_files
2024-08-03 10:05:40,437 - INFO - Automatically mapped .txt files to folder Documents_files
2024-08-03 10:05:40,438 - INFO - Automatically mapped .zip files to folder Archives_files
2024-08-03 10:05:40,438 - INFO - Automatically mapped .bmp files to folder Images_files
2024-08-03 10:05:40,438 - INFO - Folders have been created successfully.
2024-08-03 10:05:40,438 - INFO - Error creating backup: [WinError 183] Cannot create a file when that file already exists: 'D:\\test_backup'
2024-08-03 10:06:41,254 - INFO - Automatically mapped .bmp files to folder Images_files
2024-08-03 10:06:41,254 - INFO - Automatically mapped .zip files to folder Archives_files
2024-08-03 10:06:41,255 - INFO - Automatically mapped .pub files to folder Others_files
2024-08-03 10:06:41,255 - INFO - Automatically mapped .txt files to folder Documents_files
2024-08-03 10:06:41,255 - INFO - Folders have been created successfully.
2024-08-03 10:06:41,259 - INFO - Moved New WinRAR ZIP archive.zip to D:\test\Archives_files
2024-08-03 10:06:41,262 - INFO - Moved New Bitmap image (2).bmp to D:\test\Images_files
2024-08-03 10:06:41,265 - INFO - Moved New Bitmap image (3).bmp to D:\test\Images_files
2024-08-03 10:06:41,268 - INFO - Moved New Bitmap image.bmp to D:\test\Images_files
2024-08-03 10:06:41,305 - INFO - Moved New Text Document.txt to D:\test\Documents_files
2024-08-03 10:06:41,308 - INFO - Moved file_organizer_report.txt to D:\test\Documents_files
2024-08-03 10:06:41,312 - INFO - Moved New Microsoft Publisher Document.pub to D:\test\Others_files
2024-08-03 10:06:41,316 - INFO - Report written to D:\test\file_organizer_report.txt
2024-08-03 10:06:41,316 - INFO - Files have been moved successfully.
2024-08-03 10:07:12,645 - INFO - Automatically mapped .zip files to folder Archives_files
2024-08-03 10:07:12,645 - INFO - Automatically mapped .txt files to folder Documents_files
2024-08-03 10:07:12,645 - INFO - Automatically mapped .bmp files to folder Images_files
2024-08-03 10:07:12,645 - INFO - Automatically mapped .pub files to folder Others_files
2024-08-03 10:07:12,646 - INFO - Folders have been created successfully.
2024-08-03 10:07:12,646 - INFO - Performing dry run...
2024-08-03 10:07:12,646 - INFO - [DRY RUN] Would move New Microsoft Publisher Document.pub to D:\test_backup\Others_files
2024-08-03 10:07:12,646 - INFO - [DRY RUN] Would move New Text Document.txt to D:\test_backup\Documents_files
2024-08-03 10:07:12,646 - INFO - [DRY RUN] Would move New WinRAR ZIP archive.zip to D:\test_backup\Archives_files
2024-08-03 10:07:12,646 - INFO - [DRY RUN] Would move New Bitmap image.bmp to D:\test_backup\Images_files
2024-08-03 10:07:12,646 - INFO - [DRY RUN] Would move New Bitmap image (2).bmp to D:\test_backup\Images_files
2024-08-03 10:07:12,647 - INFO - [DRY RUN] Would move New Bitmap image (3).bmp to D:\test_backup\Images_files
2024-08-03 10:07:12,647 - INFO - [DRY RUN] Would move file_organizer_report.txt to D:\test_backup\Documents_files
2024-08-03 10:07:12,654 - INFO - Report written to D:\test_backup\file_organizer_report.txt
2024-08-03 10:07:12,654 - INFO - Dry run completed. No files were moved.
2024-08-03 10:07:26,530 - INFO - Moved New Microsoft Publisher Document.pub to D:\test_backup\Others_files
2024-08-03 10:07:26,533 - INFO - Moved New Text Document.txt to D:\test_backup\Documents_files
2024-08-03 10:07:26,537 - INFO - Moved New WinRAR ZIP archive.zip to D:\test_backup\Archives_files
2024-08-03 10:07:26,540 - INFO - Moved New Bitmap image.bmp to D:\test_backup\Images_files
2024-08-03 10:07:26,543 - INFO - Moved New Bitmap image (2).bmp to D:\test_backup\Images_files
2024-08-03 10:07:26,546 - INFO - Moved New Bitmap image (3).bmp to D:\test_backup\Images_files
2024-08-03 10:07:26,549 - INFO - Moved file_organizer_report.txt to D:\test_backup\Documents_files
2024-08-03 10:07:26,553 - INFO - Report written to D:\test_backup\file_organizer_report.txt
2024-08-03 10:07:26,553 - INFO - Files have been moved successfully.
